/*C1*/SET SCHEMA SYSTEM_LOBS
INSERT INTO BLOCKS VALUES(0,2147483647,0)
COMMIT
/*C2*/SET SCHEMA PUBLIC
create table transaction (id varchar(255) not null, account_number integer not null, name varchar(255), date_time timestamp, value numeric(19,2), primary key (id))
/*C11*/SET SCHEMA PUBLIC
DISCONNECT
/*C8*/SET SCHEMA PUBLIC
DISCONNECT
/*C6*/SET SCHEMA PUBLIC
DISCONNECT
/*C7*/SET SCHEMA PUBLIC
DISCONNECT
/*C3*/SET SCHEMA PUBLIC
DISCONNECT
/*C2*/DISCONNECT
/*C9*/SET SCHEMA PUBLIC
DISCONNECT
/*C4*/SET SCHEMA PUBLIC
DISCONNECT
/*C5*/SET SCHEMA PUBLIC
DISCONNECT
/*C10*/SET SCHEMA PUBLIC
DISCONNECT
/*C15*/SET SCHEMA PUBLIC
DISCONNECT
/*C13*/SET SCHEMA PUBLIC
DISCONNECT
/*C17*/SET SCHEMA PUBLIC
DISCONNECT
/*C12*/SET SCHEMA PUBLIC
DISCONNECT
/*C16*/SET SCHEMA PUBLIC
DISCONNECT
/*C14*/SET SCHEMA PUBLIC
DISCONNECT
/*C18*/SET SCHEMA PUBLIC
DISCONNECT
/*C20*/SET SCHEMA PUBLIC
DISCONNECT
/*C21*/SET SCHEMA PUBLIC
DISCONNECT
/*C19*/SET SCHEMA PUBLIC
DISCONNECT
/*C22*/SET SCHEMA PUBLIC
INSERT INTO TRANSACTION VALUES('f3ee8895-557d-4065-a6c5-2cb74a91e323',1000,'gui','2021-09-12 16:57:25.207000',200.00)
COMMIT
INSERT INTO TRANSACTION VALUES('4df74964-b134-4e39-a4d6-6113b32f7807',1806,'Henrique','2021-09-12 17:00:56.834000',44.00)
COMMIT
INSERT INTO TRANSACTION VALUES('92230f91-4c07-4f85-bc72-fee13f6ab4ed',1806,'Henrique','2021-09-12 17:01:23.659000',13.00)
COMMIT
INSERT INTO TRANSACTION VALUES('1c0a7029-13b4-4751-8545-dce578174c82',1806,'Henrique','2021-09-12 17:02:10.356000',13.00)
COMMIT
INSERT INTO TRANSACTION VALUES('63d50a08-b526-4f93-a025-f9d83e705b2d',2021,'monte','2021-09-12 17:02:56.848000',14.00)
COMMIT
INSERT INTO TRANSACTION VALUES('7f68af9c-86d4-4db8-96ec-00a2e6dea7e2',2021,'monte','2021-09-12 17:03:40.575000',14.00)
COMMIT
